2025-03-05T18:35:38.512Z [ERROR]: Error loading command file attack.js: Error: Cannot find module '../models/playerSchema'
Require stack:
- /data/data/com.termux/files/home/projects/free-the-noods-bot/commands/attack.js
- /data/data/com.termux/files/home/projects/free-the-noods-bot/bot.js
2025-03-05T18:35:38.516Z [ERROR]: Error loading command file battleScarling.js: Error: Cannot find module '../models/scarlingSchema'
Require stack:
- /data/data/com.termux/files/home/projects/free-the-noods-bot/commands/battleScarling.js
- /data/data/com.termux/files/home/projects/free-the-noods-bot/bot.js
2025-03-05T18:35:38.516Z [ERROR]: Error loading command file buy.js: Error: Cannot find module '../models/playerSchema'
Require stack:
- /data/data/com.termux/files/home/projects/free-the-noods-bot/commands/buy.js
- /data/data/com.termux/files/home/projects/free-the-noods-bot/bot.js
2025-03-05T18:35:38.517Z [ERROR]: Error loading command file collect.js: Error: Cannot find module '../models/playerSchema'
Require stack:
- /data/data/com.termux/files/home/projects/free-the-noods-bot/commands/collect.js
- /data/data/com.termux/files/home/projects/free-the-noods-bot/bot.js
2025-03-05T18:35:38.518Z [ERROR]: Error loading command file daily.js: Error: Cannot find module '../models/playerSchema'
Require stack:
- /data/data/com.termux/files/home/projects/free-the-noods-bot/commands/daily.js
- /data/data/com.termux/files/home/projects/free-the-noods-bot/bot.js
2025-03-05T18:35:38.518Z [ERROR]: Error loading command file deal.js: Error: Cannot find module '../models/playerSchema'
Require stack:
- /data/data/com.termux/files/home/projects/free-the-noods-bot/commands/deal.js
- /data/data/com.termux/files/home/projects/free-the-noods-bot/bot.js
2025-03-05T18:35:38.519Z [INFO]: Loaded command: guild
2025-03-05T18:35:38.520Z [ERROR]: Error loading command file inventory.js: Error: Cannot find module '../models/playerSchema'
Require stack:
- /data/data/com.termux/files/home/projects/free-the-noods-bot/commands/inventory.js
- /data/data/com.termux/files/home/projects/free-the-noods-bot/bot.js
2025-03-05T18:35:38.520Z [ERROR]: Error loading command file leaderboard.js: Error: Cannot find module '../models/playerSchema'
Require stack:
- /data/data/com.termux/files/home/projects/free-the-noods-bot/commands/leaderboard.js
- /data/data/com.termux/files/home/projects/free-the-noods-bot/bot.js
2025-03-05T18:35:38.521Z [ERROR]: Error loading command file listings.js: Error: Cannot find module '../utils/marketplaceUtils'
Require stack:
- /data/data/com.termux/files/home/projects/free-the-noods-bot/commands/listings.js
- /data/data/com.termux/files/home/projects/free-the-noods-bot/bot.js
2025-03-05T18:35:38.522Z [ERROR]: Error loading command file profile.js: Error: Cannot find module '../models/playerSchema'
Require stack:
- /data/data/com.termux/files/home/projects/free-the-noods-bot/commands/profile.js
- /data/data/com.termux/files/home/projects/free-the-noods-bot/bot.js
2025-03-05T18:35:38.523Z [ERROR]: Error loading command file rescue.js: Error: Cannot find module '../models/playerSchema'
Require stack:
- /data/data/com.termux/files/home/projects/free-the-noods-bot/commands/rescue.js
- /data/data/com.termux/files/home/projects/free-the-noods-bot/bot.js
2025-03-05T18:35:38.523Z [ERROR]: Error loading command file sell.js: Error: Cannot find module '../models/playerSchema'
Require stack:
- /data/data/com.termux/files/home/projects/free-the-noods-bot/commands/sell.js
- /data/data/com.termux/files/home/projects/free-the-noods-bot/bot.js
2025-03-05T18:35:38.523Z [ERROR]: Error loading command file start.js: Error: Cannot find module '../models/playerSchema'
Require stack:
- /data/data/com.termux/files/home/projects/free-the-noods-bot/commands/start.js
- /data/data/com.termux/files/home/projects/free-the-noods-bot/bot.js
2025-03-05T18:35:38.524Z [ERROR]: Error loading command file trade.js: Error: Cannot find module '../models/playerSchema'
Require stack:
- /data/data/com.termux/files/home/projects/free-the-noods-bot/commands/trade.js
- /data/data/com.termux/files/home/projects/free-the-noods-bot/bot.js
2025-03-05T18:35:38.524Z [ERROR]: Error loading command file upgrade.js: Error: Cannot find module '../models/playerSchema'
Require stack:
- /data/data/com.termux/files/home/projects/free-the-noods-bot/commands/upgrade.js
- /data/data/com.termux/files/home/projects/free-the-noods-bot/bot.js
2025-03-05T18:35:38.525Z [ERROR]: Error loading command file use.js: Error: Cannot find module '../models/playerSchema'
Require stack:
- /data/data/com.termux/files/home/projects/free-the-noods-bot/commands/use.js
- /data/data/com.termux/files/home/projects/free-the-noods-bot/bot.js
2025-03-05T18:35:38.525Z [INFO]: Loaded event: guildMemberAdd
2025-03-05T18:35:38.526Z [ERROR]: Error loading event file scarlingSpawner.js: Error: Cannot find module '../models/scarlingSchema'
Require stack:
- /data/data/com.termux/files/home/projects/free-the-noods-bot/events/scarlingSpawner.js
- /data/data/com.termux/files/home/projects/free-the-noods-bot/bot.js
2025-03-05T18:35:38.560Z [ERROR]: MongoDB Connection Error: MongoParseError: Protocol and host list are required in "mongodb+srv://SSNFTs:AidenAevaAiyana102110@@$$@noodbotcluster.gbefr.mongodb.net/?retryWrites=true&w=majority&appName=Noodbotcluster"
2025-03-05T18:35:39.624Z [INFO]: ✅ Logged in as Free The Noods#8325
2025-03-05T18:38:35.230Z [INFO]: Shutting down gracefully...
2025-03-05T20:38:41.879Z [ERROR]: Error loading command file attack.js: Error: Cannot find module '../models/playerSchema'
Require stack:
- /data/data/com.termux/files/home/projects/free-the-noods-bot/commands/attack.js
- /data/data/com.termux/files/home/projects/free-the-noods-bot/bot.js
2025-03-05T20:38:41.893Z [ERROR]: Error loading command file battleScarling.js: Error: Cannot find module '../models/scarlingSchema'
Require stack:
- /data/data/com.termux/files/home/projects/free-the-noods-bot/commands/battleScarling.js
- /data/data/com.termux/files/home/projects/free-the-noods-bot/bot.js
2025-03-05T20:38:41.895Z [ERROR]: Error loading command file buy.js: Error: Cannot find module '../models/playerSchema'
Require stack:
- /data/data/com.termux/files/home/projects/free-the-noods-bot/commands/buy.js
- /data/data/com.termux/files/home/projects/free-the-noods-bot/bot.js
2025-03-05T20:38:41.896Z [ERROR]: Error loading command file collect.js: Error: Cannot find module '../models/playerSchema'
Require stack:
- /data/data/com.termux/files/home/projects/free-the-noods-bot/commands/collect.js
- /data/data/com.termux/files/home/projects/free-the-noods-bot/bot.js
2025-03-05T20:38:41.897Z [ERROR]: Error loading command file daily.js: Error: Cannot find module '../models/playerSchema'
Require stack:
- /data/data/com.termux/files/home/projects/free-the-noods-bot/commands/daily.js
- /data/data/com.termux/files/home/projects/free-the-noods-bot/bot.js
2025-03-05T20:38:41.899Z [ERROR]: Error loading command file deal.js: Error: Cannot find module '../models/playerSchema'
Require stack:
- /data/data/com.termux/files/home/projects/free-the-noods-bot/commands/deal.js
- /data/data/com.termux/files/home/projects/free-the-noods-bot/bot.js
2025-03-05T20:38:41.900Z [INFO]: Loaded command: guild
2025-03-05T20:38:41.901Z [ERROR]: Error loading command file inventory.js: Error: Cannot find module '../models/playerSchema'
Require stack:
- /data/data/com.termux/files/home/projects/free-the-noods-bot/commands/inventory.js
- /data/data/com.termux/files/home/projects/free-the-noods-bot/bot.js
2025-03-05T20:38:41.902Z [ERROR]: Error loading command file leaderboard.js: Error: Cannot find module '../models/playerSchema'
Require stack:
- /data/data/com.termux/files/home/projects/free-the-noods-bot/commands/leaderboard.js
- /data/data/com.termux/files/home/projects/free-the-noods-bot/bot.js
2025-03-05T20:38:41.904Z [ERROR]: Error loading command file listings.js: Error: Cannot find module '../utils/marketplaceUtils'
Require stack:
- /data/data/com.termux/files/home/projects/free-the-noods-bot/commands/listings.js
- /data/data/com.termux/files/home/projects/free-the-noods-bot/bot.js
2025-03-05T20:38:41.905Z [ERROR]: Error loading command file profile.js: Error: Cannot find module '../models/playerSchema'
Require stack:
- /data/data/com.termux/files/home/projects/free-the-noods-bot/commands/profile.js
- /data/data/com.termux/files/home/projects/free-the-noods-bot/bot.js
2025-03-05T20:38:41.906Z [ERROR]: Error loading command file rescue.js: Error: Cannot find module '../models/playerSchema'
Require stack:
- /data/data/com.termux/files/home/projects/free-the-noods-bot/commands/rescue.js
- /data/data/com.termux/files/home/projects/free-the-noods-bot/bot.js
2025-03-05T20:38:41.907Z [ERROR]: Error loading command file sell.js: Error: Cannot find module '../models/playerSchema'
Require stack:
- /data/data/com.termux/files/home/projects/free-the-noods-bot/commands/sell.js
- /data/data/com.termux/files/home/projects/free-the-noods-bot/bot.js
2025-03-05T20:38:41.908Z [ERROR]: Error loading command file start.js: Error: Cannot find module '../models/playerSchema'
Require stack:
- /data/data/com.termux/files/home/projects/free-the-noods-bot/commands/start.js
- /data/data/com.termux/files/home/projects/free-the-noods-bot/bot.js
2025-03-05T20:38:41.909Z [ERROR]: Error loading command file trade.js: Error: Cannot find module '../models/playerSchema'
Require stack:
- /data/data/com.termux/files/home/projects/free-the-noods-bot/commands/trade.js
- /data/data/com.termux/files/home/projects/free-the-noods-bot/bot.js
2025-03-05T20:38:41.910Z [ERROR]: Error loading command file upgrade.js: Error: Cannot find module '../models/playerSchema'
Require stack:
- /data/data/com.termux/files/home/projects/free-the-noods-bot/commands/upgrade.js
- /data/data/com.termux/files/home/projects/free-the-noods-bot/bot.js
2025-03-05T20:38:41.911Z [ERROR]: Error loading command file use.js: Error: Cannot find module '../models/playerSchema'
Require stack:
- /data/data/com.termux/files/home/projects/free-the-noods-bot/commands/use.js
- /data/data/com.termux/files/home/projects/free-the-noods-bot/bot.js
2025-03-05T20:38:41.912Z [INFO]: Loaded event: guildMemberAdd
2025-03-05T20:38:41.912Z [ERROR]: Error loading event file scarlingSpawner.js: Error: Cannot find module '../models/scarlingSchema'
Require stack:
- /data/data/com.termux/files/home/projects/free-the-noods-bot/events/scarlingSpawner.js
- /data/data/com.termux/files/home/projects/free-the-noods-bot/bot.js
2025-03-05T20:38:42.805Z [INFO]: ✅ Logged in as Free The Noods#8325
2025-03-05T20:38:43.240Z [ERROR]: MongoDB Connection Error: MongoServerError: bad auth : authentication failed
2025-03-05T20:41:08.473Z [INFO]: Shutting down gracefully...
2025-03-05T20:41:08.482Z [INFO]: MongoDB connection closed.
2025-03-05T20:53:34.114Z [INFO]: Loaded command: attack
2025-03-05T20:53:34.123Z [INFO]: Loaded command: battle
2025-03-05T20:53:34.124Z [ERROR]: Error loading command file buy.js: Error: Cannot find module '../utils/marketplaceUtils'
Require stack:
- /data/data/com.termux/files/home/projects/free-the-noods-bot/commands/buy.js
- /data/data/com.termux/files/home/projects/free-the-noods-bot/bot.js
2025-03-05T20:53:34.125Z [INFO]: Loaded command: collect
2025-03-05T20:53:34.125Z [INFO]: Loaded command: daily
2025-03-05T20:53:34.126Z [INFO]: Loaded command: collect
2025-03-05T20:53:34.126Z [INFO]: Loaded command: guild
2025-03-05T20:53:34.127Z [INFO]: Loaded command: inventory
2025-03-05T20:53:34.127Z [INFO]: Loaded command: leaderboard
2025-03-05T20:53:34.128Z [ERROR]: Error loading command file listings.js: Error: Cannot find module '../utils/marketplaceUtils'
Require stack:
- /data/data/com.termux/files/home/projects/free-the-noods-bot/commands/listings.js
- /data/data/com.termux/files/home/projects/free-the-noods-bot/bot.js
2025-03-05T20:53:34.129Z [INFO]: Loaded command: profile
2025-03-05T20:53:34.129Z [INFO]: Loaded command: rescue
2025-03-05T20:53:34.130Z [ERROR]: Error loading command file sell.js: Error: Cannot find module '../utils/marketplaceUtils'
Require stack:
- /data/data/com.termux/files/home/projects/free-the-noods-bot/commands/sell.js
- /data/data/com.termux/files/home/projects/free-the-noods-bot/bot.js
2025-03-05T20:53:34.130Z [INFO]: Loaded command: start
2025-03-05T20:53:34.131Z [ERROR]: Error loading command file trade.js: Error: Cannot find module '../utils/marketplaceUtils'
Require stack:
- /data/data/com.termux/files/home/projects/free-the-noods-bot/commands/trade.js
- /data/data/com.termux/files/home/projects/free-the-noods-bot/bot.js
2025-03-05T20:53:34.131Z [INFO]: Loaded command: upgrade
2025-03-05T20:53:34.131Z [INFO]: Loaded command: use
2025-03-05T20:53:34.132Z [INFO]: Loaded event: guildMemberAdd
2025-03-05T20:53:34.132Z [INFO]: Loaded event: undefined
2025-03-05T20:53:35.182Z [INFO]: ✅ Logged in as Free The Noods#8325
2025-03-05T20:53:35.474Z [ERROR]: MongoDB Connection Error: MongoServerError: bad auth : authentication failed
2025-03-05T20:57:07.639Z [INFO]: Shutting down gracefully...
2025-03-05T20:57:07.647Z [INFO]: MongoDB connection closed.
2025-03-05T21:04:27.923Z [INFO]: Loaded command: attack
2025-03-05T21:04:27.933Z [INFO]: Loaded command: battle
2025-03-05T21:04:27.936Z [INFO]: Loaded command: buy
2025-03-05T21:04:27.936Z [INFO]: Loaded command: collect
2025-03-05T21:04:27.937Z [INFO]: Loaded command: daily
2025-03-05T21:04:27.937Z [INFO]: Loaded command: collect
2025-03-05T21:04:27.938Z [INFO]: Loaded command: guild
2025-03-05T21:04:27.938Z [INFO]: Loaded command: inventory
2025-03-05T21:04:27.939Z [INFO]: Loaded command: leaderboard
2025-03-05T21:04:27.940Z [INFO]: Loaded command: listings
2025-03-05T21:04:27.941Z [INFO]: Loaded command: profile
2025-03-05T21:04:27.941Z [INFO]: Loaded command: rescue
2025-03-05T21:04:27.941Z [INFO]: Loaded command: sell
2025-03-05T21:04:27.942Z [INFO]: Loaded command: start
2025-03-05T21:04:27.942Z [INFO]: Loaded command: trade
2025-03-05T21:04:27.943Z [INFO]: Loaded command: upgrade
2025-03-05T21:04:27.943Z [INFO]: Loaded command: use
2025-03-05T21:04:27.944Z [INFO]: Loaded event: guildMemberAdd
2025-03-05T21:04:27.944Z [INFO]: Loaded event: undefined
2025-03-05T21:04:28.927Z [INFO]: ✅ Logged in as Free The Noods#8325
2025-03-05T21:04:29.204Z [ERROR]: MongoDB Connection Error: MongoServerError: bad auth : authentication failed
2025-03-05T21:08:22.667Z [INFO]: Shutting down gracefully...
2025-03-05T21:08:22.674Z [INFO]: MongoDB connection closed.
2025-03-05T21:09:53.706Z [INFO]: Loaded command: attack
2025-03-05T21:09:53.715Z [INFO]: Loaded command: battle
2025-03-05T21:09:53.718Z [INFO]: Loaded command: buy
2025-03-05T21:09:53.719Z [INFO]: Loaded command: collect
2025-03-05T21:09:53.720Z [INFO]: Loaded command: daily
2025-03-05T21:09:53.720Z [INFO]: Loaded command: collect
2025-03-05T21:09:53.721Z [INFO]: Loaded command: guild
2025-03-05T21:09:53.721Z [INFO]: Loaded command: inventory
2025-03-05T21:09:53.721Z [INFO]: Loaded command: leaderboard
2025-03-05T21:09:53.723Z [INFO]: Loaded command: listings
2025-03-05T21:09:53.724Z [INFO]: Loaded command: profile
2025-03-05T21:09:53.724Z [INFO]: Loaded command: rescue
2025-03-05T21:09:53.724Z [INFO]: Loaded command: sell
2025-03-05T21:09:53.724Z [INFO]: Loaded command: start
2025-03-05T21:09:53.725Z [INFO]: Loaded command: trade
2025-03-05T21:09:53.725Z [INFO]: Loaded command: upgrade
2025-03-05T21:09:53.726Z [INFO]: Loaded command: use
2025-03-05T21:09:53.726Z [INFO]: Loaded event: guildMemberAdd
2025-03-05T21:09:53.727Z [INFO]: Loaded event: undefined
2025-03-05T21:09:56.916Z [INFO]: ✅ Logged in as Free The Noods#8325
2025-03-05T21:09:57.043Z [ERROR]: MongoDB Connection Error: MongoServerError: bad auth : authentication failed
2025-03-05T21:10:34.418Z [INFO]: Shutting down gracefully...
2025-03-05T21:11:51.019Z [INFO]: Loaded command: attack
2025-03-05T21:11:51.030Z [INFO]: Loaded command: battle
2025-03-05T21:11:51.034Z [INFO]: Loaded command: buy
2025-03-05T21:11:51.035Z [INFO]: Loaded command: collect
2025-03-05T21:11:51.035Z [INFO]: Loaded command: daily
2025-03-05T21:11:51.036Z [INFO]: Loaded command: collect
2025-03-05T21:11:51.036Z [INFO]: Loaded command: guild
2025-03-05T21:11:51.037Z [INFO]: Loaded command: inventory
2025-03-05T21:11:51.037Z [INFO]: Loaded command: leaderboard
2025-03-05T21:11:51.039Z [INFO]: Loaded command: listings
2025-03-05T21:11:51.039Z [INFO]: Loaded command: profile
2025-03-05T21:11:51.040Z [INFO]: Loaded command: rescue
2025-03-05T21:11:51.040Z [INFO]: Loaded command: sell
2025-03-05T21:11:51.040Z [INFO]: Loaded command: start
2025-03-05T21:11:51.041Z [INFO]: Loaded command: trade
2025-03-05T21:11:51.041Z [INFO]: Loaded command: upgrade
2025-03-05T21:11:51.042Z [INFO]: Loaded command: use
2025-03-05T21:11:51.042Z [INFO]: Loaded event: guildMemberAdd
2025-03-05T21:11:51.042Z [INFO]: Loaded event: undefined
2025-03-05T21:11:52.217Z [INFO]: ✅ Logged in as Free The Noods#8325
2025-03-05T21:11:52.358Z [ERROR]: MongoDB Connection Error: MongoServerError: bad auth : authentication failed
2025-03-05T21:19:08.677Z [INFO]: Shutting down gracefully...
2025-03-05T21:19:08.685Z [INFO]: MongoDB connection closed.
2025-03-05T21:20:13.212Z [INFO]: Loaded command: attack
2025-03-05T21:20:13.222Z [INFO]: Loaded command: battle
2025-03-05T21:20:13.225Z [INFO]: Loaded command: buy
2025-03-05T21:20:13.226Z [INFO]: Loaded command: collect
2025-03-05T21:20:13.227Z [INFO]: Loaded command: daily
2025-03-05T21:20:13.228Z [INFO]: Loaded command: collect
2025-03-05T21:20:13.228Z [INFO]: Loaded command: guild
2025-03-05T21:20:13.229Z [INFO]: Loaded command: inventory
2025-03-05T21:20:13.229Z [INFO]: Loaded command: leaderboard
2025-03-05T21:20:13.230Z [INFO]: Loaded command: listings
2025-03-05T21:20:13.231Z [INFO]: Loaded command: profile
2025-03-05T21:20:13.231Z [INFO]: Loaded command: rescue
2025-03-05T21:20:13.232Z [INFO]: Loaded command: sell
2025-03-05T21:20:13.232Z [INFO]: Loaded command: start
2025-03-05T21:20:13.232Z [INFO]: Loaded command: trade
2025-03-05T21:20:13.233Z [INFO]: Loaded command: upgrade
2025-03-05T21:20:13.233Z [INFO]: Loaded command: use
2025-03-05T21:20:13.234Z [INFO]: Loaded event: guildMemberAdd
2025-03-05T21:20:13.234Z [INFO]: Loaded event: undefined
2025-03-05T21:20:14.505Z [INFO]: ✅ Logged in as Free The Noods#8325
2025-03-05T21:20:14.615Z [ERROR]: MongoDB Connection Error: MongoServerError: bad auth : authentication failed
2025-03-05T21:21:28.412Z [INFO]: Shutting down gracefully...
2025-03-05T21:22:31.167Z [INFO]: Loaded command: attack
2025-03-05T21:22:31.176Z [INFO]: Loaded command: battle
2025-03-05T21:22:31.180Z [INFO]: Loaded command: buy
2025-03-05T21:22:31.180Z [INFO]: Loaded command: collect
2025-03-05T21:22:31.181Z [INFO]: Loaded command: daily
2025-03-05T21:22:31.182Z [INFO]: Loaded command: collect
2025-03-05T21:22:31.183Z [INFO]: Loaded command: guild
2025-03-05T21:22:31.183Z [INFO]: Loaded command: inventory
2025-03-05T21:22:31.183Z [INFO]: Loaded command: leaderboard
2025-03-05T21:22:31.185Z [INFO]: Loaded command: listings
2025-03-05T21:22:31.185Z [INFO]: Loaded command: profile
2025-03-05T21:22:31.186Z [INFO]: Loaded command: rescue
2025-03-05T21:22:31.186Z [INFO]: Loaded command: sell
2025-03-05T21:22:31.186Z [INFO]: Loaded command: start
2025-03-05T21:22:31.187Z [INFO]: Loaded command: trade
2025-03-05T21:22:31.187Z [INFO]: Loaded command: upgrade
2025-03-05T21:22:31.188Z [INFO]: Loaded command: use
2025-03-05T21:22:31.188Z [INFO]: Loaded event: guildMemberAdd
2025-03-05T21:22:31.189Z [INFO]: Loaded event: undefined
2025-03-05T21:22:32.067Z [INFO]: ✅ Logged in as Free The Noods#8325
2025-03-05T21:22:32.604Z [INFO]: ✅ Database Connected
2025-03-05T21:25:42.123Z [INFO]: Shutting down gracefully...
2025-03-05T21:25:42.144Z [INFO]: MongoDB connection closed.
